\BOOKMARK [1][-]{Doc-Start}{\376\377\000A\000c\000k\000n\000o\000w\000l\000e\000d\000g\000e\000m\000e\000n\000t\000s}{}% 1
\BOOKMARK [1][-]{Doc-Start}{\376\377\000A\000b\000s\000t\000r\000a\000c\000t}{}% 2
\BOOKMARK [1][-]{Doc-Start}{\376\377\000R\000\351\000s\000u\000m\000\351}{}% 3
\BOOKMARK [1][-]{Doc-Start}{\376\377\000d\000i\000a\000t\000e\000a\000m}{}% 4
\BOOKMARK [1][-]{Doc-Start}{\376\377\000A\000c\000r\000o\000n\000y\000m\000s}{}% 5
\BOOKMARK [1][-]{section.1}{\376\377\000I\000n\000t\000r\000o\000d\000u\000c\000t\000i\000o\000n}{}% 6
\BOOKMARK [1][-]{section.2}{\376\377\000O\000v\000e\000r\000v\000i\000e\000w\000\040\000o\000f\000\040\000S\000C\000A\000D\000A\000\040\000S\000y\000s\000t\000e\000m\000s}{}% 7
\BOOKMARK [2][-]{subsection.2.1}{\376\377\000I\000C\000S}{section.2}% 8
\BOOKMARK [2][-]{subsection.2.2}{\376\377\000S\000C\000A\000D\000A}{section.2}% 9
\BOOKMARK [2][-]{subsection.2.3}{\376\377\000T\000r\000a\000f\000f\000i\000c\000\040\000c\000h\000a\000r\000a\000c\000t\000e\000r\000i\000z\000a\000t\000i\000o\000n}{section.2}% 10
\BOOKMARK [1][-]{section.3}{\376\377\000N\000e\000t\000w\000o\000r\000k\000i\000n\000g\000\040\000O\000v\000e\000r\000v\000i\000e\000w}{}% 11
\BOOKMARK [2][-]{subsection.3.1}{\376\377\000O\000S\000I}{section.3}% 12
\BOOKMARK [2][-]{subsection.3.2}{\376\377\000P\000r\000o\000t\000o\000c\000o\000l\000s}{section.3}% 13
\BOOKMARK [3][-]{subsubsection.3.2.1}{\376\377\000T\000r\000a\000n\000s\000m\000i\000s\000s\000i\000o\000n\000\040\000C\000o\000n\000t\000r\000o\000l\000\040\000P\000r\000o\000t\000o\000c\000o\000l\000/\000I\000n\000t\000e\000r\000n\000e\000t\000\040\000P\000r\000o\000t\000o\000c\000o\000l\000\040\000\050\000T\000C\000P\000/\000I\000P\000\051}{subsection.3.2}% 14
\BOOKMARK [3][-]{subsubsection.3.2.2}{\376\377\000M\000O\000D\000B\000U\000S\000\040\000P\000r\000o\000t\000o\000c\000o\000l}{subsection.3.2}% 15
\BOOKMARK [1][-]{section.4}{\376\377\000C\000o\000m\000m\000o\000n\000\040\000A\000t\000t\000a\000c\000k\000s\000\040\000o\000n\000\040\000S\000C\000A\000D\000A}{}% 16
\BOOKMARK [2][-]{subsection.4.1}{\376\377\000C\000o\000m\000m\000a\000n\000d\000\040\000I\000n\000j\000e\000c\000t\000i\000o\000n}{section.4}% 17
\BOOKMARK [2][-]{subsection.4.2}{\376\377\000R\000e\000s\000p\000o\000n\000s\000e\000\040\000I\000n\000j\000e\000c\000t\000i\000o\000n}{section.4}% 18
\BOOKMARK [2][-]{subsection.4.3}{\376\377\000D\000e\000n\000i\000a\000l\000\040\000o\000f\000\040\000S\000e\000r\000v\000i\000c\000e}{section.4}% 19
\BOOKMARK [2][-]{subsection.4.4}{\376\377\000R\000e\000c\000o\000n\000n\000a\000i\000s\000s\000a\000n\000c\000e}{section.4}% 20
\BOOKMARK [2][-]{subsection.4.5}{\376\377\000Z\000e\000r\000o\000-\000d\000a\000y\000\040\000A\000t\000t\000a\000c\000k\000s}{section.4}% 21
\BOOKMARK [1][-]{section.5}{\376\377\000I\000n\000t\000r\000u\000s\000i\000o\000n\000\040\000D\000e\000t\000e\000c\000t\000i\000o\000n\000\040\000S\000y\000s\000t\000e\000m\000s}{}% 22
\BOOKMARK [2][-]{subsection.5.1}{\376\377\000H\000o\000s\000t\000\040\000I\000D\000S}{section.5}% 23
\BOOKMARK [2][-]{subsection.5.2}{\376\377\000N\000e\000t\000w\000o\000r\000k\000\040\000I\000D\000S}{section.5}% 24
\BOOKMARK [3][-]{subsubsection.5.2.1}{\376\377\000S\000i\000g\000n\000a\000t\000u\000r\000e\000-\000b\000a\000s\000e\000d}{subsection.5.2}% 25
\BOOKMARK [3][-]{subsubsection.5.2.2}{\376\377\000A\000n\000o\000m\000a\000l\000y\000-\000b\000a\000s\000e\000d}{subsection.5.2}% 26
\BOOKMARK [1][-]{section.6}{\376\377\000T\000e\000c\000h\000n\000i\000q\000u\000e\000s\000\040\000o\000f\000\040\000N\000e\000t\000w\000o\000r\000k\000\040\000I\000n\000t\000r\000u\000s\000i\000o\000n\000\040\000D\000e\000t\000e\000c\000t\000i\000o\000n}{}% 27
\BOOKMARK [2][-]{subsection.6.1}{\376\377\000S\000t\000a\000t\000i\000s\000t\000i\000c\000a\000l}{section.6}% 28
\BOOKMARK [2][-]{subsection.6.2}{\376\377\000D\000a\000t\000a\000\040\000M\000i\000n\000i\000n\000g}{section.6}% 29
\BOOKMARK [2][-]{subsection.6.3}{\376\377\000M\000a\000c\000h\000i\000n\000e\000\040\000L\000e\000a\000r\000n\000i\000n\000g}{section.6}% 30
\BOOKMARK [1][-]{section.7}{\376\377\000D\000a\000t\000a\000\040\000S\000o\000u\000r\000c\000e}{}% 31
\BOOKMARK [2][-]{subsection.7.1}{\376\377\000H\000N\000S\000\040\000a\000n\000d\000\040\000V\000i\000r\000t\000u\000a\000l\000\040\000S\000c\000a\000d\000a\000\040\000B\000o\000x}{section.7}% 32
\BOOKMARK [2][-]{subsection.7.2}{\376\377\000P\000C\000A\000P}{section.7}% 33
\BOOKMARK [2][-]{subsection.7.3}{\376\377\000M\000O\000D\000B\000U\000S\000/\000T\000C\000P\000\040\000P\000a\000c\000k\000e\000t\000s}{section.7}% 34
\BOOKMARK [3][-]{subsubsection.7.3.1}{\376\377\000R\000e\000q\000u\000e\000s\000t}{subsection.7.3}% 35
\BOOKMARK [3][-]{subsubsection.7.3.2}{\376\377\000R\000e\000s\000p\000o\000n\000s\000e}{subsection.7.3}% 36
\BOOKMARK [1][-]{section.8}{\376\377\000E\000x\000p\000l\000o\000r\000a\000t\000o\000r\000y\000\040\000D\000a\000t\000a\000\040\000A\000n\000a\000l\000y\000s\000i\000s}{}% 37
\BOOKMARK [2][-]{subsection.8.1}{\376\377\000S\000t\000a\000t\000i\000s\000t\000i\000c\000a\000l\000\040\000D\000e\000f\000i\000n\000i\000t\000i\000o\000n\000s}{section.8}% 38
\BOOKMARK [3][-]{subsubsection.8.1.1}{\376\377\000M\000e\000a\000n}{subsection.8.1}% 39
\BOOKMARK [3][-]{subsubsection.8.1.2}{\376\377\000M\000e\000d\000i\000a\000n}{subsection.8.1}% 40
\BOOKMARK [3][-]{subsubsection.8.1.3}{\376\377\000V\000a\000r\000i\000a\000n\000c\000e}{subsection.8.1}% 41
\BOOKMARK [3][-]{subsubsection.8.1.4}{\376\377\000S\000t\000a\000n\000d\000a\000r\000d\000\040\000D\000e\000v\000i\000a\000t\000i\000o\000n}{subsection.8.1}% 42
\BOOKMARK [3][-]{subsubsection.8.1.5}{\376\377\000C\000o\000v\000a\000r\000i\000a\000n\000c\000e}{subsection.8.1}% 43
\BOOKMARK [3][-]{subsubsection.8.1.6}{\376\377\000C\000o\000r\000r\000e\000l\000a\000t\000i\000o\000n}{subsection.8.1}% 44
\BOOKMARK [2][-]{subsection.8.2}{\376\377\000V\000i\000s\000u\000a\000l\000\040\000R\000e\000p\000r\000e\000s\000e\000n\000t\000a\000t\000i\000o\000n\000s}{section.8}% 45
\BOOKMARK [3][-]{subsubsection.8.2.1}{\376\377\000P\000i\000e\000\040\000c\000h\000a\000r\000t}{subsection.8.2}% 46
\BOOKMARK [3][-]{subsubsection.8.2.2}{\376\377\000S\000c\000a\000t\000t\000e\000r\000\040\000p\000l\000o\000t}{subsection.8.2}% 47
\BOOKMARK [3][-]{subsubsection.8.2.3}{\376\377\000H\000i\000s\000t\000o\000g\000r\000a\000m}{subsection.8.2}% 48
\BOOKMARK [3][-]{subsubsection.8.2.4}{\376\377\000B\000a\000r\000\040\000c\000h\000a\000r\000t}{subsection.8.2}% 49
\BOOKMARK [3][-]{subsubsection.8.2.5}{\376\377\000B\000o\000x\000p\000l\000o\000t}{subsection.8.2}% 50
\BOOKMARK [3][-]{subsubsection.8.2.6}{\376\377\000H\000e\000a\000t\000\040\000M\000a\000p}{subsection.8.2}% 51
\BOOKMARK [3][-]{subsubsection.8.2.7}{\376\377\000N\000e\000t\000w\000o\000r\000k\000\040\000G\000r\000a\000p\000h}{subsection.8.2}% 52
\BOOKMARK [2][-]{subsection.8.3}{\376\377\000D\000a\000t\000a\000\040\000A\000n\000a\000l\000y\000s\000i\000s}{section.8}% 53
\BOOKMARK [2][-]{subsection.8.4}{\376\377\000N\000e\000t\000w\000o\000r\000k\000\040\000A\000n\000a\000l\000y\000s\000i\000s}{section.8}% 54
\BOOKMARK [3][-]{subsubsection.8.4.1}{\376\377\000N\000e\000t\000w\000o\000r\000k\000\040\000G\000r\000a\000p\000h\000\040\000a\000n\000d\000\040\000T\000o\000p\000o\000l\000o\000g\000y}{subsection.8.4}% 55
\BOOKMARK [2][-]{subsection.8.5}{\376\377\000P\000a\000c\000k\000e\000t\000\040\000A\000n\000a\000l\000y\000s\000i\000s}{section.8}% 56
\BOOKMARK [3][-]{subsubsection.8.5.1}{\376\377\000M\000O\000D\000B\000U\000S\000/\000T\000C\000P\000\040\000R\000e\000q\000u\000e\000s\000t\000/\000R\000e\000s\000p\000o\000n\000s\000e\000\040\000P\000a\000c\000k\000e\000t\000\040\000S\000t\000a\000t\000i\000s\000t\000i\000c\000s\000\040\000\050\000A\000p\000p\000e\000n\000d\000i\000x\000\040\000C\000\051}{subsection.8.5}% 57
\BOOKMARK [3][-]{subsubsection.8.5.2}{\376\377\000M\000O\000D\000B\000U\000S\000/\000T\000C\000P\000\040\000D\000a\000t\000a\000\040\000A\000n\000a\000l\000y\000s\000i\000s}{subsection.8.5}% 58
\BOOKMARK [3][-]{subsubsection.8.5.3}{\376\377\000M\000O\000D\000B\000U\000S\000\040\000D\000a\000t\000a\000\040\000V\000a\000l\000u\000e\000\040\000S\000t\000a\000t\000i\000s\000t\000i\000c\000s}{subsection.8.5}% 59
\BOOKMARK [1][-]{section.9}{\376\377\000P\000r\000o\000o\000f\000\040\000o\000f\000\040\000C\000o\000n\000c\000e\000p\000t}{}% 60
\BOOKMARK [2][-]{subsection.9.1}{\376\377\000A\000r\000c\000h\000i\000t\000e\000c\000t\000u\000r\000e\000\040\000O\000v\000e\000r\000v\000i\000e\000w}{section.9}% 61
\BOOKMARK [3][-]{subsubsection.9.1.1}{\376\377\000S\000i\000g\000n\000a\000t\000u\000r\000e\000-\000b\000a\000s\000e\000d\000\040\000I\000D\000S}{subsection.9.1}% 62
\BOOKMARK [3][-]{subsubsection.9.1.2}{\376\377\000A\000n\000o\000m\000a\000l\000y\000-\000b\000a\000s\000e\000d\000\040\000I\000D\000S}{subsection.9.1}% 63
\BOOKMARK [2][-]{subsection.9.2}{\376\377\000I\000m\000p\000l\000e\000m\000e\000n\000t\000a\000t\000i\000o\000n}{section.9}% 64
\BOOKMARK [3][-]{subsubsection.9.2.1}{\376\377\000P\000r\000o\000c\000e\000s\000s\000\040\000F\000l\000o\000w}{subsection.9.2}% 65
\BOOKMARK [3][-]{subsubsection.9.2.2}{\376\377\000D\000a\000t\000a\000\040\000A\000c\000q\000u\000i\000s\000i\000t\000i\000o\000n}{subsection.9.2}% 66
\BOOKMARK [3][-]{subsubsection.9.2.3}{\376\377\000S\000t\000a\000t\000i\000s\000t\000i\000c\000a\000l\000\040\000A\000n\000a\000l\000y\000s\000i\000s\000\040\000a\000n\000d\000\040\000P\000r\000o\000c\000e\000s\000s\000i\000n\000g}{subsection.9.2}% 67
\BOOKMARK [1][-]{section.10}{\376\377\000S\000t\000a\000t\000i\000s\000t\000i\000c\000a\000l\000\040\000M\000e\000a\000s\000u\000r\000e\000s\000\040\000a\000n\000d\000\040\000F\000e\000a\000t\000u\000r\000e\000s}{}% 68
\BOOKMARK [1][-]{section.11}{\376\377\000T\000e\000s\000t\000i\000n\000g\000\040\000a\000n\000d\000\040\000E\000v\000a\000l\000u\000a\000t\000i\000o\000n}{}% 69
\BOOKMARK [1][-]{section.12}{\376\377\000C\000o\000n\000c\000l\000u\000s\000i\000o\000n\000\040\000a\000n\000d\000\040\000F\000u\000t\000u\000r\000e\000\040\000W\000o\000r\000k}{}% 70
\BOOKMARK [1][-]{section.12}{\376\377\000A\000p\000p\000e\000n\000d\000i\000x\000\040\000A}{}% 71
\BOOKMARK [2][-]{section*.27}{\376\377\000M\000O\000D\000B\000U\000S\000\040\000F\000u\000n\000c\000t\000i\000o\000n\000\040\000C\000o\000d\000e\000s}{section.12}% 72
\BOOKMARK [1][-]{section*.27}{\376\377\000A\000p\000p\000e\000n\000d\000i\000x\000\040\000B}{}% 73
\BOOKMARK [2][-]{section*.28}{\376\377\000W\000i\000r\000e\000s\000h\000a\000r\000k\000\040\000E\000x\000p\000o\000r\000t\000s}{section*.27}% 74
\BOOKMARK [1][-]{table.19}{\376\377\000A\000p\000p\000e\000n\000d\000i\000x\000\040\000C}{}% 75
\BOOKMARK [2][-]{section*.29}{\376\377\000M\000O\000D\000B\000U\000S\000/\000T\000C\000P\000\040\000R\000e\000q\000u\000e\000s\000t\000/\000R\000e\000s\000p\000o\000n\000s\000e\000\040\000P\000a\000c\000k\000e\000t\000\040\000S\000t\000a\000t\000i\000s\000t\000i\000c\000s}{table.19}% 76
\BOOKMARK [1][-]{table.29}{\376\377\000A\000p\000p\000e\000n\000d\000i\000x\000\040\000D}{}% 77
\BOOKMARK [2][-]{section*.30}{\376\377\000M\000e\000r\000g\000e\000d\000\040\000R\000e\000q\000u\000e\000s\000t\000/\000R\000e\000s\000p\000o\000n\000s\000e\000\040\000P\000a\000c\000k\000e\000t\000\040\000S\000t\000a\000t\000i\000s\000t\000i\000c\000s}{table.29}% 78
\BOOKMARK [1][-]{table.34}{\376\377\000A\000p\000p\000e\000n\000d\000i\000x\000\040\000E}{}% 79
\BOOKMARK [2][-]{section*.31}{\376\377\000W\000i\000r\000e\000s\000h\000a\000r\000k\000\040\000-\000\040\000N\000e\000t\000w\000o\000r\000k\000\040\000T\000r\000a\000f\000f\000i\000c\000\040\000A\000n\000a\000l\000y\000s\000i\000s\000\040\000T\000o\000o\000l}{table.34}% 80
\BOOKMARK [2][-]{section*.31}{\376\377\000T\000S\000h\000a\000r\000k}{table.34}% 81
\BOOKMARK [2][-]{section*.31}{\376\377\000U\000N\000I\000X\000\040\000U\000t\000i\000l\000i\000t\000i\000e\000s}{table.34}% 82
\BOOKMARK [2][-]{section*.31}{\376\377\000R\000\040\000-\000\040\000S\000t\000a\000t\000i\000s\000t\000i\000c\000a\000l\000\040\000T\000o\000o\000l}{table.34}% 83
\BOOKMARK [2][-]{section*.31}{\376\377\000C\000/\000C\000+\000+}{table.34}% 84
\BOOKMARK [2][-]{section*.31}{\376\377\000S\000u\000r\000i\000c\000a\000t\000a}{table.34}% 85
\BOOKMARK [2][-]{section*.31}{\376\377\000M\000e\000t\000a\000s\000p\000l\000o\000i\000t}{table.34}% 86
\BOOKMARK [1][-]{section*.31}{\376\377\000A\000p\000p\000e\000n\000d\000i\000x\000\040\000F}{}% 87
\BOOKMARK [2][-]{section*.32}{\376\377\000C\000o\000m\000m\000a\000n\000d\000s\000\040\000a\000n\000d\000\040\000S\000c\000r\000i\000p\000t\000s}{section*.31}% 88
\BOOKMARK [1][-]{section*.32}{\376\377\000A\000p\000p\000e\000n\000d\000i\000x\000\040\000G}{}% 89
\BOOKMARK [2][-]{section*.33}{\376\377\000C\000o\000n\000f\000i\000g\000u\000r\000a\000t\000i\000o\000n\000\040\000F\000i\000l\000e\000s}{section*.32}% 90
\BOOKMARK [3][-]{section*.33}{\376\377\000w\000h\000i\000t\000e\000l\000i\000s\000t\000.\000d\000b}{section*.32}% 91
\BOOKMARK [3][-]{section*.33}{\376\377\000s\000t\000a\000t\000s\000.\000d\000b}{section*.32}% 92
\BOOKMARK [1][-]{section*.33}{\376\377\000A\000p\000p\000e\000n\000d\000i\000x\000\040\000H}{}% 93
\BOOKMARK [2][-]{section*.34}{\376\377\000M\000e\000t\000a\000s\000p\000l\000o\000i\000t\000\040\000A\000t\000t\000a\000c\000k}{section*.33}% 94
\BOOKMARK [1][-]{section*.34}{\376\377\000B\000i\000b\000l\000i\000o\000g\000r\000a\000p\000h\000y}{}% 95
